2019-03-30 12:59:18.799  INFO 12324 --- [main] com.enter.repair2.Repair2Application     : Starting Repair2Application on DESKTOP-HP47L6V with PID 12324 (D:\ideaWorkPlace\repair2\target\classes started by GR in D:\ideaWorkPlace\repair2)
2019-03-30 12:59:18.803  INFO 12324 --- [main] com.enter.repair2.Repair2Application     : No active profile set, falling back to default profiles: default
2019-03-30 12:59:18.868  INFO 12324 --- [main] ationConfigEmbeddedWebApplicationContext : Refreshing org.springframework.boot.context.embedded.AnnotationConfigEmbeddedWebApplicationContext@43bc63a3: startup date [Sat Mar 30 12:59:18 CST 2019]; root of context hierarchy
2019-03-30 12:59:19.566  INFO 12324 --- [main] .s.d.r.c.RepositoryConfigurationDelegate : Multiple Spring Data modules found, entering strict repository configuration mode!
2019-03-30 12:59:19.984  INFO 12324 --- [main] trationDelegate$BeanPostProcessorChecker : Bean 'org.springframework.transaction.annotation.ProxyTransactionManagementConfiguration' of type [org.springframework.transaction.annotation.ProxyTransactionManagementConfiguration$$EnhancerBySpringCGLIB$$303c68be] is not eligible for getting processed by all BeanPostProcessors (for example: not eligible for auto-proxying)
2019-03-30 12:59:20.409  INFO 12324 --- [main] s.b.c.e.t.TomcatEmbeddedServletContainer : Tomcat initialized with port(s): 7077 (http)
2019-03-30 12:59:20.432  INFO 12324 --- [main] o.apache.catalina.core.StandardService   : Starting service [Tomcat]
2019-03-30 12:59:20.432  INFO 12324 --- [main] org.apache.catalina.core.StandardEngine  : Starting Servlet Engine: Apache Tomcat/8.5.34
2019-03-30 12:59:20.582  INFO 12324 --- [localhost-startStop-1] o.a.c.c.C.[Tomcat].[localhost].[/enter]  : Initializing Spring embedded WebApplicationContext
2019-03-30 12:59:20.582  INFO 12324 --- [localhost-startStop-1] o.s.web.context.ContextLoader            : Root WebApplicationContext: initialization completed in 1721 ms
2019-03-30 12:59:20.811  INFO 12324 --- [localhost-startStop-1] o.s.b.w.servlet.ServletRegistrationBean  : Mapping servlet: 'statViewServlet' to [/druid/*]
2019-03-30 12:59:20.812  INFO 12324 --- [localhost-startStop-1] o.s.b.w.servlet.ServletRegistrationBean  : Mapping servlet: 'dispatcherServlet' to [/]
2019-03-30 12:59:20.814  INFO 12324 --- [localhost-startStop-1] o.s.b.w.servlet.FilterRegistrationBean   : Mapping filter: 'characterEncodingFilter' to: [/*]
2019-03-30 12:59:20.815  INFO 12324 --- [localhost-startStop-1] o.s.b.w.servlet.FilterRegistrationBean   : Mapping filter: 'hiddenHttpMethodFilter' to: [/*]
2019-03-30 12:59:20.815  INFO 12324 --- [localhost-startStop-1] o.s.b.w.servlet.FilterRegistrationBean   : Mapping filter: 'httpPutFormContentFilter' to: [/*]
2019-03-30 12:59:20.815  INFO 12324 --- [localhost-startStop-1] o.s.b.w.servlet.FilterRegistrationBean   : Mapping filter: 'requestContextFilter' to: [/*]
2019-03-30 12:59:20.815  INFO 12324 --- [localhost-startStop-1] o.s.b.w.servlet.FilterRegistrationBean   : Mapping filter: 'webStatFilter' to urls: [/*]
2019-03-30 12:59:27.201  INFO 12324 --- [main] com.alibaba.druid.pool.DruidDataSource   : {dataSource-1} inited
2019-03-30 12:59:27.995  INFO 12324 --- [main] s.w.s.m.m.a.RequestMappingHandlerAdapter : Looking for @ControllerAdvice: org.springframework.boot.context.embedded.AnnotationConfigEmbeddedWebApplicationContext@43bc63a3: startup date [Sat Mar 30 12:59:18 CST 2019]; root of context hierarchy
2019-03-30 12:59:28.004  INFO 12324 --- [main] s.w.s.m.m.a.RequestMappingHandlerAdapter : Detected @InitBinder methods in springControllerAdvice
2019-03-30 12:59:28.047  INFO 12324 --- [main] s.w.s.m.m.a.RequestMappingHandlerMapping : Mapped "{[/getAllDeviceType],methods=[GET]}" onto public com.enter.repair2.result.ResultBean com.enter.repair2.controller.DeviceController.getAllDeviceType()
2019-03-30 12:59:28.048  INFO 12324 --- [main] s.w.s.m.m.a.RequestMappingHandlerMapping : Mapped "{[/settings],methods=[GET]}" onto public com.enter.repair2.result.ResultBean com.enter.repair2.controller.DynamicConfigurationController.setMangerPublicOpenId()
2019-03-30 12:59:28.052  INFO 12324 --- [main] s.w.s.m.m.a.RequestMappingHandlerMapping : Mapped "{[/addFeedback],methods=[POST]}" onto public com.enter.repair2.result.ResultBean com.enter.repair2.controller.FeedbackController.addFeedback(com.enter.repair2.DTO.FeedbackDTO,org.springframework.validation.BindingResult) throws java.lang.Exception
2019-03-30 12:59:28.052  INFO 12324 --- [main] s.w.s.m.m.a.RequestMappingHandlerMapping : Mapped "{[/getFeedback],methods=[GET]}" onto public com.enter.repair2.result.ResultBean com.enter.repair2.controller.FeedbackController.getFeedback()
2019-03-30 12:59:28.053  INFO 12324 --- [main] s.w.s.m.m.a.RequestMappingHandlerMapping : Mapped "{[/uploadToFeedback],methods=[POST]}" onto public com.enter.repair2.result.ResultBean com.enter.repair2.controller.FileController.uploadToFeedback(javax.servlet.http.HttpServletRequest,org.springframework.web.multipart.MultipartFile) throws java.lang.Exception
2019-03-30 12:59:28.054  INFO 12324 --- [main] s.w.s.m.m.a.RequestMappingHandlerMapping : Mapped "{[/uploadToOrder],methods=[POST]}" onto public com.enter.repair2.result.ResultBean com.enter.repair2.controller.FileController.uploadToFault(javax.servlet.http.HttpServletRequest,org.springframework.web.multipart.MultipartFile) throws java.lang.Exception
2019-03-30 12:59:28.054  INFO 12324 --- [main] s.w.s.m.m.a.RequestMappingHandlerMapping : Mapped "{[/downloadFile],methods=[POST]}" onto public org.springframework.http.ResponseEntity<byte[]> com.enter.repair2.controller.FileController.downloadFile(com.enter.repair2.DTO.DownloadFileDTO,javax.servlet.http.HttpServletRequest) throws com.enter.repair2.exception.CheckedException
2019-03-30 12:59:28.054  INFO 12324 --- [main] s.w.s.m.m.a.RequestMappingHandlerMapping : Mapped "{[/uploadToAdvertisement],methods=[POST]}" onto public com.enter.repair2.result.ResultBean com.enter.repair2.controller.FileController.uploadToAdvertisement(javax.servlet.http.HttpServletRequest,org.springframework.web.multipart.MultipartFile) throws java.lang.Exception
2019-03-30 12:59:28.055  INFO 12324 --- [main] s.w.s.m.m.a.RequestMappingHandlerMapping : Mapped "{[/addOrder],methods=[POST]}" onto public com.enter.repair2.result.ResultBean com.enter.repair2.controller.OrderController.addOrder(com.enter.repair2.DTO.OrderDTO,org.springframework.validation.BindingResult) throws java.lang.Exception
2019-03-30 12:59:28.055  INFO 12324 --- [main] s.w.s.m.m.a.RequestMappingHandlerMapping : Mapped "{[/getAllOrderInfo],methods=[GET]}" onto public com.enter.repair2.result.ResultBean com.enter.repair2.controller.OrderController.getAllOrderInfo()
2019-03-30 12:59:28.056  INFO 12324 --- [main] s.w.s.m.m.a.RequestMappingHandlerMapping : Mapped "{[/getOrderTime],methods=[GET]}" onto public com.enter.repair2.result.ResultBean com.enter.repair2.controller.OrderTimeController.getOrderTime() throws com.enter.repair2.exception.CheckedException
2019-03-30 12:59:28.057  INFO 12324 --- [main] s.w.s.m.m.a.RequestMappingHandlerMapping : Mapped "{[/login],methods=[POST]}" onto public com.enter.repair2.result.ResultBean com.enter.repair2.controller.UserController.login(com.enter.repair2.DTO.WeChatLoginDTO,org.springframework.validation.BindingResult) throws java.lang.Exception
2019-03-30 12:59:28.060  INFO 12324 --- [main] s.w.s.m.m.a.RequestMappingHandlerMapping : Mapped "{[/deleteUserInfo],methods=[DELETE]}" onto public com.enter.repair2.result.ResultBean com.enter.repair2.controller.UserInfoController.deleteUserInfo(com.enter.repair2.DTO.UserInfoDTO)
2019-03-30 12:59:28.060  INFO 12324 --- [main] s.w.s.m.m.a.RequestMappingHandlerMapping : Mapped "{[/updateUserInfo],methods=[PUT]}" onto public com.enter.repair2.result.ResultBean com.enter.repair2.controller.UserInfoController.updateUserInfo(com.enter.repair2.DTO.UserInfoDTO) throws com.enter.repair2.exception.CheckedException
2019-03-30 12:59:28.060  INFO 12324 --- [main] s.w.s.m.m.a.RequestMappingHandlerMapping : Mapped "{[/addUserInfo],methods=[POST]}" onto public com.enter.repair2.result.ResultBean com.enter.repair2.controller.UserInfoController.addUserInfo(com.enter.repair2.DTO.UserInfoDTO) throws com.enter.repair2.exception.CheckedException
2019-03-30 12:59:28.061  INFO 12324 --- [main] s.w.s.m.m.a.RequestMappingHandlerMapping : Mapped "{[/getUserInfoByUserId],methods=[GET]}" onto public com.enter.repair2.result.ResultBean com.enter.repair2.controller.UserInfoController.getUserInfoByUserId(com.enter.repair2.DTO.UserInfoDTO)
2019-03-30 12:59:28.061  INFO 12324 --- [main] s.w.s.m.m.a.RequestMappingHandlerMapping : Mapped "{[/verifyURL],methods=[POST]}" onto public java.util.Map<java.lang.String, java.lang.String> com.enter.repair2.controller.WeChatPublicController.parseXml(javax.servlet.http.HttpServletRequest) throws java.lang.Exception
2019-03-30 12:59:28.062  INFO 12324 --- [main] s.w.s.m.m.a.RequestMappingHandlerMapping : Mapped "{[/welcome],methods=[GET]}" onto public java.lang.String com.enter.repair2.controller.WelcomeController.welcome()
2019-03-30 12:59:28.064  INFO 12324 --- [main] s.w.s.m.m.a.RequestMappingHandlerMapping : Mapped "{[/error]}" onto public org.springframework.http.ResponseEntity<java.util.Map<java.lang.String, java.lang.Object>> org.springframework.boot.autoconfigure.web.BasicErrorController.error(javax.servlet.http.HttpServletRequest)
2019-03-30 12:59:28.064  INFO 12324 --- [main] s.w.s.m.m.a.RequestMappingHandlerMapping : Mapped "{[/error],produces=[text/html]}" onto public org.springframework.web.servlet.ModelAndView org.springframework.boot.autoconfigure.web.BasicErrorController.errorHtml(javax.servlet.http.HttpServletRequest,javax.servlet.http.HttpServletResponse)
2019-03-30 12:59:28.104  INFO 12324 --- [main] o.s.w.s.handler.SimpleUrlHandlerMapping  : Mapped URL path [/webjars/**] onto handler of type [class org.springframework.web.servlet.resource.ResourceHttpRequestHandler]
2019-03-30 12:59:28.105  INFO 12324 --- [main] o.s.w.s.handler.SimpleUrlHandlerMapping  : Mapped URL path [/**] onto handler of type [class org.springframework.web.servlet.resource.ResourceHttpRequestHandler]
2019-03-30 12:59:28.144  INFO 12324 --- [main] o.s.w.s.handler.SimpleUrlHandlerMapping  : Mapped URL path [/**/favicon.ico] onto handler of type [class org.springframework.web.servlet.resource.ResourceHttpRequestHandler]
2019-03-30 12:59:28.491  INFO 12324 --- [main] t.m.m.autoconfigure.MapperCacheDisabler  : Clear tk.mybatis.mapper.util.MsUtil CLASS_CACHE cache.
2019-03-30 12:59:28.493  INFO 12324 --- [main] t.m.m.autoconfigure.MapperCacheDisabler  : Clear tk.mybatis.mapper.genid.GenIdUtil CACHE cache.
2019-03-30 12:59:28.493  INFO 12324 --- [main] t.m.m.autoconfigure.MapperCacheDisabler  : Clear EntityHelper entityTableMap cache.
2019-03-30 12:59:28.633  INFO 12324 --- [main] o.s.j.e.a.AnnotationMBeanExporter        : Registering beans for JMX exposure on startup
2019-03-30 12:59:28.634  INFO 12324 --- [main] o.s.j.e.a.AnnotationMBeanExporter        : Bean with name 'druid' has been autodetected for JMX exposure
2019-03-30 12:59:28.641  INFO 12324 --- [main] o.s.j.e.a.AnnotationMBeanExporter        : Located MBean 'druid': registering with JMX server as MBean [com.alibaba.druid.pool:name=druid,type=DruidDataSource]
2019-03-30 12:59:28.669  INFO 12324 --- [main] s.b.c.e.t.TomcatEmbeddedServletContainer : Tomcat started on port(s): 7077 (http)
2019-03-30 12:59:28.673  INFO 12324 --- [main] com.enter.repair2.Repair2Application     : Started Repair2Application in 10.223 seconds (JVM running for 11.14)
2019-03-30 12:59:30.134  INFO 12324 --- [example-schedule-pool-1] com.enter.repair2.thread.TokenTimer      : 获取access_token成功，有效时长7200秒 token:uVRw0tLhnGiBJ9i2LCbnpkTQUjhWSqKwWny1-oMYgh1ZrDQ4cKsDu-2dAISeDta3faJPzV0tzE1etru7nklZHKwP1EF7egbMwPHzRG_dFa2fjCctCJkj4TnCSo2WdV4g0spDJoy_PQ1fcYzZjL_KeTJIBqueFt3OKfNI2PD-zvG1z83tIIgTn3CfuytnaiRyn-YN7TgSIapsVUK5WiNZww
2019-03-30 13:07:25.336  INFO 1540 --- [main] com.enter.repair2.Repair2Application     : Starting Repair2Application on DESKTOP-HP47L6V with PID 1540 (D:\ideaWorkPlace\repair2\target\classes started by GR in D:\ideaWorkPlace\repair2)
2019-03-30 13:07:25.340  INFO 1540 --- [main] com.enter.repair2.Repair2Application     : No active profile set, falling back to default profiles: default
2019-03-30 13:07:25.385  INFO 1540 --- [main] ationConfigEmbeddedWebApplicationContext : Refreshing org.springframework.boot.context.embedded.AnnotationConfigEmbeddedWebApplicationContext@34e9fd99: startup date [Sat Mar 30 13:07:25 CST 2019]; root of context hierarchy
2019-03-30 13:07:25.984  INFO 1540 --- [main] .s.d.r.c.RepositoryConfigurationDelegate : Multiple Spring Data modules found, entering strict repository configuration mode!
2019-03-30 13:07:26.549  INFO 1540 --- [main] trationDelegate$BeanPostProcessorChecker : Bean 'org.springframework.transaction.annotation.ProxyTransactionManagementConfiguration' of type [org.springframework.transaction.annotation.ProxyTransactionManagementConfiguration$$EnhancerBySpringCGLIB$$33b767ac] is not eligible for getting processed by all BeanPostProcessors (for example: not eligible for auto-proxying)
2019-03-30 13:07:26.980  INFO 1540 --- [main] s.b.c.e.t.TomcatEmbeddedServletContainer : Tomcat initialized with port(s): 7077 (http)
2019-03-30 13:07:27.003  INFO 1540 --- [main] o.apache.catalina.core.StandardService   : Starting service [Tomcat]
2019-03-30 13:07:27.003  INFO 1540 --- [main] org.apache.catalina.core.StandardEngine  : Starting Servlet Engine: Apache Tomcat/8.5.34
2019-03-30 13:07:27.148  INFO 1540 --- [localhost-startStop-1] o.a.c.c.C.[Tomcat].[localhost].[/enter]  : Initializing Spring embedded WebApplicationContext
2019-03-30 13:07:27.149  INFO 1540 --- [localhost-startStop-1] o.s.web.context.ContextLoader            : Root WebApplicationContext: initialization completed in 1766 ms
2019-03-30 13:07:27.383  INFO 1540 --- [localhost-startStop-1] o.s.b.w.servlet.ServletRegistrationBean  : Mapping servlet: 'statViewServlet' to [/druid/*]
2019-03-30 13:07:27.384  INFO 1540 --- [localhost-startStop-1] o.s.b.w.servlet.ServletRegistrationBean  : Mapping servlet: 'dispatcherServlet' to [/]
2019-03-30 13:07:27.387  INFO 1540 --- [localhost-startStop-1] o.s.b.w.servlet.FilterRegistrationBean   : Mapping filter: 'characterEncodingFilter' to: [/*]
2019-03-30 13:07:27.387  INFO 1540 --- [localhost-startStop-1] o.s.b.w.servlet.FilterRegistrationBean   : Mapping filter: 'hiddenHttpMethodFilter' to: [/*]
2019-03-30 13:07:27.387  INFO 1540 --- [localhost-startStop-1] o.s.b.w.servlet.FilterRegistrationBean   : Mapping filter: 'httpPutFormContentFilter' to: [/*]
2019-03-30 13:07:27.387  INFO 1540 --- [localhost-startStop-1] o.s.b.w.servlet.FilterRegistrationBean   : Mapping filter: 'requestContextFilter' to: [/*]
2019-03-30 13:07:27.388  INFO 1540 --- [localhost-startStop-1] o.s.b.w.servlet.FilterRegistrationBean   : Mapping filter: 'webStatFilter' to urls: [/*]
2019-03-30 13:07:34.404  INFO 1540 --- [main] com.alibaba.druid.pool.DruidDataSource   : {dataSource-1} inited
2019-03-30 13:07:35.181  INFO 1540 --- [main] s.w.s.m.m.a.RequestMappingHandlerAdapter : Looking for @ControllerAdvice: org.springframework.boot.context.embedded.AnnotationConfigEmbeddedWebApplicationContext@34e9fd99: startup date [Sat Mar 30 13:07:25 CST 2019]; root of context hierarchy
2019-03-30 13:07:35.189  INFO 1540 --- [main] s.w.s.m.m.a.RequestMappingHandlerAdapter : Detected @InitBinder methods in springControllerAdvice
2019-03-30 13:07:35.232  INFO 1540 --- [main] s.w.s.m.m.a.RequestMappingHandlerMapping : Mapped "{[/getAllDeviceType],methods=[GET]}" onto public com.enter.repair2.result.ResultBean com.enter.repair2.controller.DeviceController.getAllDeviceType()
2019-03-30 13:07:35.233  INFO 1540 --- [main] s.w.s.m.m.a.RequestMappingHandlerMapping : Mapped "{[/settings],methods=[GET]}" onto public com.enter.repair2.result.ResultBean com.enter.repair2.controller.DynamicConfigurationController.setMangerPublicOpenId()
2019-03-30 13:07:35.236  INFO 1540 --- [main] s.w.s.m.m.a.RequestMappingHandlerMapping : Mapped "{[/addFeedback],methods=[POST]}" onto public com.enter.repair2.result.ResultBean com.enter.repair2.controller.FeedbackController.addFeedback(com.enter.repair2.DTO.FeedbackDTO,org.springframework.validation.BindingResult) throws java.lang.Exception
2019-03-30 13:07:35.236  INFO 1540 --- [main] s.w.s.m.m.a.RequestMappingHandlerMapping : Mapped "{[/getFeedback],methods=[GET]}" onto public com.enter.repair2.result.ResultBean com.enter.repair2.controller.FeedbackController.getFeedback()
2019-03-30 13:07:35.238  INFO 1540 --- [main] s.w.s.m.m.a.RequestMappingHandlerMapping : Mapped "{[/uploadToAdvertisement],methods=[POST]}" onto public com.enter.repair2.result.ResultBean com.enter.repair2.controller.FileController.uploadToAdvertisement(javax.servlet.http.HttpServletRequest,org.springframework.web.multipart.MultipartFile) throws java.lang.Exception
2019-03-30 13:07:35.239  INFO 1540 --- [main] s.w.s.m.m.a.RequestMappingHandlerMapping : Mapped "{[/uploadToFeedback],methods=[POST]}" onto public com.enter.repair2.result.ResultBean com.enter.repair2.controller.FileController.uploadToFeedback(javax.servlet.http.HttpServletRequest,org.springframework.web.multipart.MultipartFile) throws java.lang.Exception
2019-03-30 13:07:35.239  INFO 1540 --- [main] s.w.s.m.m.a.RequestMappingHandlerMapping : Mapped "{[/uploadToOrder],methods=[POST]}" onto public com.enter.repair2.result.ResultBean com.enter.repair2.controller.FileController.uploadToFault(javax.servlet.http.HttpServletRequest,org.springframework.web.multipart.MultipartFile) throws java.lang.Exception
2019-03-30 13:07:35.239  INFO 1540 --- [main] s.w.s.m.m.a.RequestMappingHandlerMapping : Mapped "{[/downloadFile],methods=[POST]}" onto public org.springframework.http.ResponseEntity<byte[]> com.enter.repair2.controller.FileController.downloadFile(com.enter.repair2.DTO.DownloadFileDTO,javax.servlet.http.HttpServletRequest) throws com.enter.repair2.exception.CheckedException
2019-03-30 13:07:35.240  INFO 1540 --- [main] s.w.s.m.m.a.RequestMappingHandlerMapping : Mapped "{[/addOrder],methods=[POST]}" onto public com.enter.repair2.result.ResultBean com.enter.repair2.controller.OrderController.addOrder(com.enter.repair2.DTO.OrderDTO,org.springframework.validation.BindingResult) throws java.lang.Exception
2019-03-30 13:07:35.240  INFO 1540 --- [main] s.w.s.m.m.a.RequestMappingHandlerMapping : Mapped "{[/getAllOrderInfo],methods=[GET]}" onto public com.enter.repair2.result.ResultBean com.enter.repair2.controller.OrderController.getAllOrderInfo()
2019-03-30 13:07:35.241  INFO 1540 --- [main] s.w.s.m.m.a.RequestMappingHandlerMapping : Mapped "{[/getOrderTime],methods=[GET]}" onto public com.enter.repair2.result.ResultBean com.enter.repair2.controller.OrderTimeController.getOrderTime() throws com.enter.repair2.exception.CheckedException
2019-03-30 13:07:35.241  INFO 1540 --- [main] s.w.s.m.m.a.RequestMappingHandlerMapping : Mapped "{[/login],methods=[POST]}" onto public com.enter.repair2.result.ResultBean com.enter.repair2.controller.UserController.login(com.enter.repair2.DTO.WeChatLoginDTO,org.springframework.validation.BindingResult) throws java.lang.Exception
2019-03-30 13:07:35.244  INFO 1540 --- [main] s.w.s.m.m.a.RequestMappingHandlerMapping : Mapped "{[/deleteUserInfo],methods=[DELETE]}" onto public com.enter.repair2.result.ResultBean com.enter.repair2.controller.UserInfoController.deleteUserInfo(com.enter.repair2.DTO.UserInfoDTO)
2019-03-30 13:07:35.244  INFO 1540 --- [main] s.w.s.m.m.a.RequestMappingHandlerMapping : Mapped "{[/updateUserInfo],methods=[PUT]}" onto public com.enter.repair2.result.ResultBean com.enter.repair2.controller.UserInfoController.updateUserInfo(com.enter.repair2.DTO.UserInfoDTO) throws com.enter.repair2.exception.CheckedException
2019-03-30 13:07:35.244  INFO 1540 --- [main] s.w.s.m.m.a.RequestMappingHandlerMapping : Mapped "{[/addUserInfo],methods=[POST]}" onto public com.enter.repair2.result.ResultBean com.enter.repair2.controller.UserInfoController.addUserInfo(com.enter.repair2.DTO.UserInfoDTO) throws com.enter.repair2.exception.CheckedException
2019-03-30 13:07:35.245  INFO 1540 --- [main] s.w.s.m.m.a.RequestMappingHandlerMapping : Mapped "{[/getUserInfoByUserId],methods=[GET]}" onto public com.enter.repair2.result.ResultBean com.enter.repair2.controller.UserInfoController.getUserInfoByUserId(com.enter.repair2.DTO.UserInfoDTO)
2019-03-30 13:07:35.245  INFO 1540 --- [main] s.w.s.m.m.a.RequestMappingHandlerMapping : Mapped "{[/verifyURL],methods=[POST]}" onto public java.util.Map<java.lang.String, java.lang.String> com.enter.repair2.controller.WeChatPublicController.parseXml(javax.servlet.http.HttpServletRequest) throws java.lang.Exception
2019-03-30 13:07:35.246  INFO 1540 --- [main] s.w.s.m.m.a.RequestMappingHandlerMapping : Mapped "{[/welcome],methods=[GET]}" onto public java.lang.String com.enter.repair2.controller.WelcomeController.welcome()
2019-03-30 13:07:35.247  INFO 1540 --- [main] s.w.s.m.m.a.RequestMappingHandlerMapping : Mapped "{[/error]}" onto public org.springframework.http.ResponseEntity<java.util.Map<java.lang.String, java.lang.Object>> org.springframework.boot.autoconfigure.web.BasicErrorController.error(javax.servlet.http.HttpServletRequest)
2019-03-30 13:07:35.248  INFO 1540 --- [main] s.w.s.m.m.a.RequestMappingHandlerMapping : Mapped "{[/error],produces=[text/html]}" onto public org.springframework.web.servlet.ModelAndView org.springframework.boot.autoconfigure.web.BasicErrorController.errorHtml(javax.servlet.http.HttpServletRequest,javax.servlet.http.HttpServletResponse)
2019-03-30 13:07:35.285  INFO 1540 --- [main] o.s.w.s.handler.SimpleUrlHandlerMapping  : Mapped URL path [/webjars/**] onto handler of type [class org.springframework.web.servlet.resource.ResourceHttpRequestHandler]
2019-03-30 13:07:35.285  INFO 1540 --- [main] o.s.w.s.handler.SimpleUrlHandlerMapping  : Mapped URL path [/**] onto handler of type [class org.springframework.web.servlet.resource.ResourceHttpRequestHandler]
2019-03-30 13:07:35.322  INFO 1540 --- [main] o.s.w.s.handler.SimpleUrlHandlerMapping  : Mapped URL path [/**/favicon.ico] onto handler of type [class org.springframework.web.servlet.resource.ResourceHttpRequestHandler]
2019-03-30 13:07:35.647  INFO 1540 --- [main] t.m.m.autoconfigure.MapperCacheDisabler  : Clear tk.mybatis.mapper.util.MsUtil CLASS_CACHE cache.
2019-03-30 13:07:35.648  INFO 1540 --- [main] t.m.m.autoconfigure.MapperCacheDisabler  : Clear tk.mybatis.mapper.genid.GenIdUtil CACHE cache.
2019-03-30 13:07:35.649  INFO 1540 --- [main] t.m.m.autoconfigure.MapperCacheDisabler  : Clear EntityHelper entityTableMap cache.
2019-03-30 13:07:35.783  INFO 1540 --- [main] o.s.j.e.a.AnnotationMBeanExporter        : Registering beans for JMX exposure on startup
2019-03-30 13:07:35.784  INFO 1540 --- [main] o.s.j.e.a.AnnotationMBeanExporter        : Bean with name 'druid' has been autodetected for JMX exposure
2019-03-30 13:07:35.789  INFO 1540 --- [main] o.s.j.e.a.AnnotationMBeanExporter        : Located MBean 'druid': registering with JMX server as MBean [com.alibaba.druid.pool:name=druid,type=DruidDataSource]
2019-03-30 13:07:35.817  INFO 1540 --- [main] s.b.c.e.t.TomcatEmbeddedServletContainer : Tomcat started on port(s): 7077 (http)
2019-03-30 13:07:35.821  INFO 1540 --- [main] com.enter.repair2.Repair2Application     : Started Repair2Application in 10.819 seconds (JVM running for 11.757)
2019-03-30 13:07:37.222  INFO 1540 --- [example-schedule-pool-1] com.enter.repair2.thread.TokenTimer      : 获取access_token成功，有效时长7200秒 token:uVRw0tLhnGiBJ9i2LCbnpkTQUjhWSqKwWny1-oMYgh1ZrDQ4cKsDu-2dAISeDta3faJPzV0tzE1etru7nklZHKwP1EF7egbMwPHzRG_dFa2fjCctCJkj4TnCSo2WdV4g0spDJoy_PQ1fcYzZjL_KeTJIBqueFt3OKfNI2PD-zvG1z83tIIgTn3CfuytnaiRyn-YN7TgSIapsVUK5WiNZww
